<?xml version="1.0" encoding="UTF-8"?>
<testng-results skipped="0" failed="0" ignored="0" total="1" passed="1">
  <reporter-output>
  </reporter-output>
  <suite name="Default suite" duration-ms="23388" started-at="2019-04-07T04:59:07Z" finished-at="2019-04-07T04:59:30Z">
    <groups>
    </groups>
    <test name="Default test" duration-ms="23388" started-at="2019-04-07T04:59:07Z" finished-at="2019-04-07T04:59:30Z">
      <class name="testcases.TestCase">
        <test-method status="PASS" signature="initialSetup()[pri:0, instance:testcases.TestCase@3532ec19]" name="initialSetup" is-config="true" duration-ms="11011" started-at="2019-04-07T04:59:07Z" finished-at="2019-04-07T04:59:18Z">
          <reporter-output>
          </reporter-output>
        </test-method> <!-- initialSetup -->
        <test-method status="PASS" signature="Tc_01()[pri:0, instance:testcases.TestCase@3532ec19]" name="Tc_01" duration-ms="12351" started-at="2019-04-07T04:59:18Z" finished-at="2019-04-07T04:59:30Z">
          <reporter-output>
          </reporter-output>
        </test-method> <!-- Tc_01 -->
      </class> <!-- testcases.TestCase -->
    </test> <!-- Default test -->
  </suite> <!-- Default suite -->
</testng-results>
