<?xml version="1.0" encoding="UTF-8"?>
<testng-results ignored="0" total="2" passed="2" failed="0" skipped="0">
  <reporter-output>
  </reporter-output>
  <suite started-at="2021-02-05T13:42:33 IST" name="Default suite" finished-at="2021-02-05T13:42:36 IST" duration-ms="3852">
    <groups>
    </groups>
    <test started-at="2021-02-05T13:42:33 IST" name="Default test" finished-at="2021-02-05T13:42:36 IST" duration-ms="3852">
      <class name="testcases.visaTest">
        <test-method signature="login()[pri:0, instance:testcases.visaTest@157853da]" started-at="2021-02-05T13:42:33 IST" name="login" finished-at="2021-02-05T13:42:36 IST" duration-ms="3764" status="PASS">
          <reporter-output>
          </reporter-output>
        </test-method> <!-- login -->
        <test-method signature="visaTestCase()[pri:0, instance:testcases.visaTest@157853da]" started-at="2021-02-05T13:42:36 IST" name="visaTestCase" finished-at="2021-02-05T13:42:36 IST" duration-ms="43" status="PASS">
          <reporter-output>
          </reporter-output>
        </test-method> <!-- visaTestCase -->
      </class> <!-- testcases.visaTest -->
    </test> <!-- Default test -->
  </suite> <!-- Default suite -->
</testng-results>
